[23916:10736:1001/062041.197:INFO:components\enterprise\browser\controller\chrome_browser_cloud_management_controller.cc:206] No machine level policy manager exists.
[19416:35116:1001/062041.721:VERBOSE1:components\viz\service\main\viz_main_impl.cc:86] VizNullHypothesis is disabled (not a warning)
[34008:27984:1001/062042.220:INFO:third_party\webrtc\rtc_base\cpu_info.cc:75] Available number of cores: 8
[28908:18424:1001/062042.863:INFO:third_party\webrtc\rtc_base\cpu_info.cc:75] Available number of cores: 8
[15312:22264:1001/062043.034:INFO:third_party\webrtc\rtc_base\cpu_info.cc:75] Available number of cores: 8
[23916:10736:1001/062043.610:INFO:CONSOLE:1] "Test data already exists", source: https://appbrewery.github.io/gym/_next/static/chunks/pages/index-d263818a138e725c.js (1)
[23916:10736:1001/062043.626:INFO:CONSOLE:1] "Data initialization result: [object Object]", source: https://appbrewery.github.io/gym/_next/static/chunks/pages/index-d263818a138e725c.js (1)
[23916:10736:1001/062043.627:INFO:CONSOLE:1] "Users in DB: 24 [object Object],[object Object],[object Object],[object Object],[object Object],[object Object],[object Object],[object Object],[object Object],[object Object],[object Object],[object Object],[object Object],[object Object],[object Object],[object Object],[object Object],[object Object],[object Object],[object Object],[object Object],[object Object],[object Object],[object Object]", source: https://appbrewery.github.io/gym/_next/static/chunks/pages/index-d263818a138e725c.js (1)
[23916:10736:1001/062043.627:INFO:CONSOLE:1] "Classes in DB: 96", source: https://appbrewery.github.io/gym/_next/static/chunks/pages/index-d263818a138e725c.js (1)
[23916:10736:1001/062043.627:INFO:CONSOLE:1] "Bookings in DB: 0 ", source: https://appbrewery.github.io/gym/_next/static/chunks/pages/index-d263818a138e725c.js (1)
[23916:10736:1001/062043.627:INFO:CONSOLE:1] "Database initialized! Available commands:", source: https://appbrewery.github.io/gym/_next/static/chunks/pages/index-d263818a138e725c.js (1)
[23916:10736:1001/062043.627:INFO:CONSOLE:1] "  await window.db.getAll("users")", source: https://appbrewery.github.io/gym/_next/static/chunks/pages/index-d263818a138e725c.js (1)
[23916:10736:1001/062043.627:INFO:CONSOLE:1] "  await window.db.getAll("classes")", source: https://appbrewery.github.io/gym/_next/static/chunks/pages/index-d263818a138e725c.js (1)
[23916:10736:1001/062043.629:INFO:CONSOLE:1] "  await window.db.getAll("bookings")", source: https://appbrewery.github.io/gym/_next/static/chunks/pages/index-d263818a138e725c.js (1)
[23916:10736:1001/062043.629:INFO:CONSOLE:1] "  await window.testData.resetAllData() - Reset all data", source: https://appbrewery.github.io/gym/_next/static/chunks/pages/index-d263818a138e725c.js (1)
[23916:10736:1001/062044.100:INFO:CONSOLE:0] "[DOM] Input elements should have autocomplete attributes (suggested: "current-password"): (More info: https://goo.gl/9p2vKq) %o", source: https://appbrewery.github.io/gym/login/ (0)
[26044:30588:1001/062044.791:INFO:third_party\webrtc\rtc_base\cpu_info.cc:75] Available number of cores: 8
[23916:10736:1001/062044.927:INFO:CONSOLE:1] "Loading...", source: https://appbrewery.github.io/gym/_next/static/chunks/pages/index-d263818a138e725c.js (1)
[23916:10736:1001/062045.612:INFO:CONSOLE:1] "Login failed Error: Network request failed. Please try again.", source: https://appbrewery.github.io/gym/_next/static/chunks/pages/index-d263818a138e725c.js (1)
[40668:16904:1001/062046.651:ERROR:net\socket\ssl_client_socket_impl.cc:915] handshake failed; returned -1, SSL error code 1, net_error -101
[40668:16904:1001/062046.654:ERROR:net\socket\ssl_client_socket_impl.cc:915] handshake failed; returned -1, SSL error code 1, net_error -101
[40668:16904:1001/062046.654:ERROR:net\socket\ssl_client_socket_impl.cc:915] handshake failed; returned -1, SSL error code 1, net_error -101
[40668:16904:1001/062046.713:ERROR:net\socket\ssl_client_socket_impl.cc:915] handshake failed; returned -1, SSL error code 1, net_error -101
[40668:16904:1001/062046.714:ERROR:net\socket\ssl_client_socket_impl.cc:915] handshake failed; returned -1, SSL error code 1, net_error -101
[40668:16904:1001/062046.715:ERROR:net\socket\ssl_client_socket_impl.cc:915] handshake failed; returned -1, SSL error code 1, net_error -101
[40668:16904:1001/062047.470:ERROR:net\socket\ssl_client_socket_impl.cc:915] handshake failed; returned -1, SSL error code 1, net_error -101
[40668:16904:1001/062047.573:ERROR:net\socket\ssl_client_socket_impl.cc:915] handshake failed; returned -1, SSL error code 1, net_error -101
[40668:16904:1001/062047.578:ERROR:net\socket\ssl_client_socket_impl.cc:915] handshake failed; returned -1, SSL error code 1, net_error -101
[23916:41052:1001/062047.588:ERROR:google_apis\gcm\engine\registration_request.cc:291] Registration response error message: DEPRECATED_ENDPOINT
[40668:16904:1001/062047.621:ERROR:net\socket\ssl_client_socket_impl.cc:915] handshake failed; returned -1, SSL error code 1, net_error -101
[40668:16904:1001/062047.633:ERROR:net\socket\ssl_client_socket_impl.cc:915] handshake failed; returned -1, SSL error code 1, net_error -101
[40668:16904:1001/062047.638:ERROR:net\socket\ssl_client_socket_impl.cc:915] handshake failed; returned -1, SSL error code 1, net_error -101
[40668:16904:1001/062047.684:ERROR:net\socket\ssl_client_socket_impl.cc:915] handshake failed; returned -1, SSL error code 1, net_error -101
[40668:16904:1001/062048.796:ERROR:net\socket\ssl_client_socket_impl.cc:915] handshake failed; returned -1, SSL error code 1, net_error -101
[40668:16904:1001/062048.856:ERROR:net\socket\ssl_client_socket_impl.cc:915] handshake failed; returned -1, SSL error code 1, net_error -101
[40668:16904:1001/062048.863:ERROR:net\socket\ssl_client_socket_impl.cc:915] handshake failed; returned -1, SSL error code 1, net_error -101
[23916:10736:1001/062048.917:INFO:CONSOLE:1] "Loading...", source: https://appbrewery.github.io/gym/_next/static/chunks/pages/index-d263818a138e725c.js (1)
[40668:16904:1001/062048.926:ERROR:net\socket\ssl_client_socket_impl.cc:915] handshake failed; returned -1, SSL error code 1, net_error -101
[40668:16904:1001/062048.963:ERROR:net\socket\ssl_client_socket_impl.cc:915] handshake failed; returned -1, SSL error code 1, net_error -101
[40668:16904:1001/062049.022:ERROR:net\socket\ssl_client_socket_impl.cc:915] handshake failed; returned -1, SSL error code 1, net_error -101
[23916:10736:1001/062050.630:INFO:CONSOLE:1] "Login failed Error: Network request failed. Please try again.", source: https://appbrewery.github.io/gym/_next/static/chunks/pages/index-d263818a138e725c.js (1)
[40668:16904:1001/062050.646:ERROR:net\socket\ssl_client_socket_impl.cc:915] handshake failed; returned -1, SSL error code 1, net_error -101
[40668:16904:1001/062050.704:ERROR:net\socket\ssl_client_socket_impl.cc:915] handshake failed; returned -1, SSL error code 1, net_error -101
[40668:16904:1001/062050.959:ERROR:net\socket\ssl_client_socket_impl.cc:915] handshake failed; returned -1, SSL error code 1, net_error -101
[40668:16904:1001/062051.022:ERROR:net\socket\ssl_client_socket_impl.cc:915] handshake failed; returned -1, SSL error code 1, net_error -101
[40668:16904:1001/062051.062:ERROR:net\socket\ssl_client_socket_impl.cc:915] handshake failed; returned -1, SSL error code 1, net_error -101
[40668:16904:1001/062051.126:ERROR:net\socket\ssl_client_socket_impl.cc:915] handshake failed; returned -1, SSL error code 1, net_error -101
[23916:10736:1001/062052.845:INFO:CONSOLE:1] "Loading...", source: https://appbrewery.github.io/gym/_next/static/chunks/pages/index-d263818a138e725c.js (1)
[40668:16904:1001/062053.390:ERROR:net\socket\ssl_client_socket_impl.cc:915] handshake failed; returned -1, SSL error code 1, net_error -101
[40668:16904:1001/062053.462:ERROR:net\socket\ssl_client_socket_impl.cc:915] handshake failed; returned -1, SSL error code 1, net_error -101
[40668:16904:1001/062053.854:ERROR:net\socket\ssl_client_socket_impl.cc:915] handshake failed; returned -1, SSL error code 1, net_error -101
[40668:16904:1001/062053.919:ERROR:net\socket\ssl_client_socket_impl.cc:915] handshake failed; returned -1, SSL error code 1, net_error -101
[40668:16904:1001/062054.187:ERROR:net\socket\ssl_client_socket_impl.cc:915] handshake failed; returned -1, SSL error code 1, net_error -101
[40668:16904:1001/062054.250:ERROR:net\socket\ssl_client_socket_impl.cc:915] handshake failed; returned -1, SSL error code 1, net_error -101
[23916:10736:1001/062055.797:INFO:CONSOLE:1] "Loading...", source: https://appbrewery.github.io/gym/_next/static/chunks/pages/index-d263818a138e725c.js (1)
[23916:10736:1001/062056.383:INFO:CONSOLE:1] "Operation failed. Please try again. Error: Network request failed. Please try again.", source: https://appbrewery.github.io/gym/_next/static/chunks/pages/index-d263818a138e725c.js (1)
[40668:16904:1001/062057.667:ERROR:net\socket\ssl_client_socket_impl.cc:915] handshake failed; returned -1, SSL error code 1, net_error -101
[40668:16904:1001/062057.725:ERROR:net\socket\ssl_client_socket_impl.cc:915] handshake failed; returned -1, SSL error code 1, net_error -101
[40668:16904:1001/062057.996:ERROR:net\socket\ssl_client_socket_impl.cc:915] handshake failed; returned -1, SSL error code 1, net_error -101
[40668:16904:1001/062058.056:ERROR:net\socket\ssl_client_socket_impl.cc:915] handshake failed; returned -1, SSL error code 1, net_error -101
[40668:16904:1001/062058.353:ERROR:net\socket\ssl_client_socket_impl.cc:915] handshake failed; returned -1, SSL error code 1, net_error -101
[40668:16904:1001/062058.418:ERROR:net\socket\ssl_client_socket_impl.cc:915] handshake failed; returned -1, SSL error code 1, net_error -101
[23916:10736:1001/062059.025:INFO:CONSOLE:1] "Loading...", source: https://appbrewery.github.io/gym/_next/static/chunks/pages/index-d263818a138e725c.js (1)
[23916:10736:1001/062102.672:INFO:CONSOLE:1] "Loading...", source: https://appbrewery.github.io/gym/_next/static/chunks/pages/index-d263818a138e725c.js (1)
[40668:16904:1001/062104.685:ERROR:net\socket\ssl_client_socket_impl.cc:915] handshake failed; returned -1, SSL error code 1, net_error -101
[40668:16904:1001/062104.750:ERROR:net\socket\ssl_client_socket_impl.cc:915] handshake failed; returned -1, SSL error code 1, net_error -101
[40668:16904:1001/062104.805:ERROR:net\socket\ssl_client_socket_impl.cc:915] handshake failed; returned -1, SSL error code 1, net_error -101
[40668:16904:1001/062104.869:ERROR:net\socket\ssl_client_socket_impl.cc:915] handshake failed; returned -1, SSL error code 1, net_error -101
[40668:16904:1001/062105.028:ERROR:net\socket\ssl_client_socket_impl.cc:915] handshake failed; returned -1, SSL error code 1, net_error -101
[40668:16904:1001/062105.089:ERROR:net\socket\ssl_client_socket_impl.cc:915] handshake failed; returned -1, SSL error code 1, net_error -101
[23916:41052:1001/062110.666:ERROR:google_apis\gcm\engine\registration_request.cc:291] Registration response error message: DEPRECATED_ENDPOINT
[40668:16904:1001/062114.107:ERROR:net\socket\ssl_client_socket_impl.cc:915] handshake failed; returned -1, SSL error code 1, net_error -101
[40668:16904:1001/062114.172:ERROR:net\socket\ssl_client_socket_impl.cc:915] handshake failed; returned -1, SSL error code 1, net_error -101
[40668:16904:1001/062115.549:ERROR:net\socket\ssl_client_socket_impl.cc:915] handshake failed; returned -1, SSL error code 1, net_error -101
[40668:16904:1001/062115.611:ERROR:net\socket\ssl_client_socket_impl.cc:915] handshake failed; returned -1, SSL error code 1, net_error -101
[40668:16904:1001/062116.004:ERROR:net\socket\ssl_client_socket_impl.cc:915] handshake failed; returned -1, SSL error code 1, net_error -101
[40668:16904:1001/062116.080:ERROR:net\socket\ssl_client_socket_impl.cc:915] handshake failed; returned -1, SSL error code 1, net_error -101
[40668:16904:1001/062128.257:ERROR:net\socket\ssl_client_socket_impl.cc:915] handshake failed; returned -1, SSL error code 1, net_error -101
[40668:16904:1001/062128.313:ERROR:net\socket\ssl_client_socket_impl.cc:915] handshake failed; returned -1, SSL error code 1, net_error -101
[40668:16904:1001/062132.023:ERROR:net\socket\ssl_client_socket_impl.cc:915] handshake failed; returned -1, SSL error code 1, net_error -101
[40668:16904:1001/062132.082:ERROR:net\socket\ssl_client_socket_impl.cc:915] handshake failed; returned -1, SSL error code 1, net_error -101
[40668:16904:1001/062132.818:ERROR:net\socket\ssl_client_socket_impl.cc:915] handshake failed; returned -1, SSL error code 1, net_error -101
[40668:16904:1001/062132.878:ERROR:net\socket\ssl_client_socket_impl.cc:915] handshake failed; returned -1, SSL error code 1, net_error -101
[40668:16904:1001/062153.278:ERROR:net\socket\ssl_client_socket_impl.cc:915] handshake failed; returned -1, SSL error code 1, net_error -101
[40668:16904:1001/062153.334:ERROR:net\socket\ssl_client_socket_impl.cc:915] handshake failed; returned -1, SSL error code 1, net_error -101
[40668:16904:1001/062153.450:ERROR:net\socket\ssl_client_socket_impl.cc:915] handshake failed; returned -1, SSL error code 1, net_error -101
[40668:16904:1001/062153.506:ERROR:net\socket\ssl_client_socket_impl.cc:915] handshake failed; returned -1, SSL error code 1, net_error -101
[23916:41052:1001/062154.169:ERROR:google_apis\gcm\engine\registration_request.cc:291] Registration response error message: DEPRECATED_ENDPOINT
[40668:16904:1001/062156.082:ERROR:net\socket\ssl_client_socket_impl.cc:915] handshake failed; returned -1, SSL error code 1, net_error -101
[40668:16904:1001/062156.143:ERROR:net\socket\ssl_client_socket_impl.cc:915] handshake failed; returned -1, SSL error code 1, net_error -101
[40668:16904:1001/062229.365:ERROR:net\socket\ssl_client_socket_impl.cc:915] handshake failed; returned -1, SSL error code 1, net_error -101
[40668:16904:1001/062229.425:ERROR:net\socket\ssl_client_socket_impl.cc:915] handshake failed; returned -1, SSL error code 1, net_error -101
[40668:16904:1001/062229.457:ERROR:net\socket\ssl_client_socket_impl.cc:915] handshake failed; returned -1, SSL error code 1, net_error -101
[40668:16904:1001/062229.516:ERROR:net\socket\ssl_client_socket_impl.cc:915] handshake failed; returned -1, SSL error code 1, net_error -101
[40668:16904:1001/062229.572:ERROR:net\socket\ssl_client_socket_impl.cc:915] handshake failed; returned -1, SSL error code 1, net_error -101
[40668:16904:1001/062229.630:ERROR:net\socket\ssl_client_socket_impl.cc:915] handshake failed; returned -1, SSL error code 1, net_error -101
[39332:9516:1001/062241.366:VERBOSE1:components\viz\service\main\viz_main_impl.cc:86] VizNullHypothesis is disabled (not a warning)
